12/14/2016 07:15:58 am Deployed branch:  Commit: fa2e507


12/14/2016 12:07:33 pm Deployed branch:  Commit: 595b5a9


12/14/2016 12:15:51 pm Deployed branch:  Commit: 1cbd745


12/14/2016 02:27:52 pm Deployed branch:  Commit: dd1a8e0


12/15/2016 06:28:42 am Deployed branch:  Commit: ad53b28


12/15/2016 06:35:56 am Deployed branch:  Commit: bbb3a7d


12/15/2016 06:38:29 am Deployed branch:  Commit: bbb3a7d


12/15/2016 11:52:47 am Deployed branch:  Commit: bbb3a7d


12/15/2016 12:39:24 pm Deployed branch:  Commit: bbb3a7d


12/15/2016 12:53:32 pm Deployed branch:  Commit: d3b5523


12/15/2016 12:56:41 pm Deployed branch:  Commit: d3b5523


12/15/2016 01:05:09 pm Deployed branch:  Commit: 0d261d7


12/15/2016 01:11:21 pm Deployed branch:  Commit: 66dd90d


12/15/2016 01:24:28 pm Deployed branch:  Commit: 4024608


12/15/2016 01:44:08 pm Deployed branch:  Commit: 7289b95


12/15/2016 02:02:48 pm Deployed branch:  Commit: 7289b95


12/15/2016 02:41:06 pm Deployed branch:  Commit: 7289b95


12/15/2016 03:17:09 pm Deployed branch:  Commit: 7289b95


12/15/2016 03:44:54 pm Deployed branch:  Commit: 60ab744


12/16/2016 05:27:56 am Deployed branch:  Commit: 60ab744


12/16/2016 05:50:36 am Deployed branch:  Commit: e6f63e4


12/16/2016 06:05:56 am Deployed branch:  Commit: e6f63e4


12/16/2016 06:06:52 am Deployed branch:  Commit: e6f63e4


12/16/2016 06:12:15 am Deployed branch:  Commit: d1e904c


12/16/2016 06:21:19 am Deployed branch:  Commit: d1e904c


12/16/2016 06:24:30 am Deployed branch:  Commit: 0cbf1c4


12/16/2016 06:26:12 am Deployed branch:  Commit: ebff947


12/16/2016 06:45:55 am Deployed branch:  Commit: 12f9d80


12/16/2016 06:49:06 am Deployed branch:  Commit: 12f9d80


12/16/2016 09:21:29 am Deployed branch:  Commit: 3eeea0d


12/16/2016 11:13:25 am Deployed branch:  Commit: c6958cf


12/16/2016 11:40:50 am Deployed branch:  Commit: 0f8a128


12/16/2016 11:44:14 am Deployed branch:  Commit: 0377140


12/16/2016 01:19:45 pm Deployed branch:  Commit: 42cca12


12/16/2016 01:26:31 pm Deployed branch:  Commit: 69b3279


12/16/2016 01:46:06 pm Deployed branch:  Commit: fab4adb


12/16/2016 02:04:46 pm Deployed branch:  Commit: 413fc6f


12/16/2016 02:10:32 pm Deployed branch:  Commit: 413fc6f


12/16/2016 02:23:40 pm Deployed branch:  Commit: 45475a9


12/16/2016 02:26:13 pm Deployed branch:  Commit: 7ceda96


12/16/2016 02:28:19 pm Deployed branch:  Commit: ecd2ce5


12/19/2016 05:51:47 am Deployed branch:  Commit: af4aa8a


12/19/2016 05:52:22 am Deployed branch:  Commit: af4aa8a


12/19/2016 07:35:35 am Deployed branch:  Commit: 8f6145e


12/19/2016 07:49:01 am Deployed branch:  Commit: 2d3aaae


12/19/2016 08:01:49 am Deployed branch:  Commit: 3b0f789


12/19/2016 09:57:39 am Deployed branch:  Commit: ce5f2c7


12/19/2016 10:10:32 am Deployed branch:  Commit: c1c6352


12/19/2016 11:54:32 am Deployed branch:  Commit: 9349cfd


12/19/2016 11:57:53 am Deployed branch:  Commit: 9349cfd


12/19/2016 12:10:40 pm Deployed branch:  Commit: 9349cfd


12/19/2016 12:11:44 pm Deployed branch:  Commit: 9349cfd


12/19/2016 12:31:12 pm Deployed branch:  Commit: 4252efe


12/19/2016 01:02:20 pm Deployed branch:  Commit: 4252efe


12/19/2016 01:04:47 pm Deployed branch:  Commit: 87a6fcc


12/19/2016 01:14:03 pm Deployed branch:  Commit: b0de48b


12/19/2016 01:55:51 pm Deployed branch:  Commit: 54e8975


12/19/2016 02:35:22 pm Deployed branch:  Commit: ba7a014


12/19/2016 03:13:27 pm Deployed branch:  Commit: 19f5f8b


12/19/2016 03:39:54 pm Deployed branch:  Commit: baab384


12/20/2016 05:06:23 am Deployed branch:  Commit: a5558bc


12/20/2016 05:12:31 am Deployed branch:  Commit: 1d162c1


12/20/2016 05:17:08 am Deployed branch:  Commit: c5a97c0


12/20/2016 05:30:05 am Deployed branch:  Commit: 56a0829


12/20/2016 05:32:09 am Deployed branch:  Commit: 39421b3


12/20/2016 05:53:58 am Deployed branch:  Commit: 3730a41


12/20/2016 06:21:57 am Deployed branch:  Commit: 9fb6bd9


12/20/2016 03:08:35 pm Deployed branch:  Commit: 5166896


12/20/2016 03:33:25 pm Deployed branch:  Commit: 1b84861


12/20/2016 03:52:42 pm Deployed branch:  Commit: c3dab32


12/20/2016 03:53:51 pm Deployed branch:  Commit: 0e50b41


12/20/2016 06:33:21 pm Deployed branch:  Commit: 035b510


12/20/2016 06:54:35 pm Deployed branch:  Commit: c692c05


12/20/2016 07:34:15 pm Deployed branch:  Commit: 9bc542f


12/20/2016 08:18:40 pm Deployed branch:  Commit: 8fab3a2


12/20/2016 08:21:19 pm Deployed branch:  Commit: b9aaa5c


12/21/2016 12:36:43 am Deployed branch:  Commit: 0b61992


12/21/2016 12:42:49 am Deployed branch:  Commit: ed08f5e


12/21/2016 01:49:39 am Deployed branch:  Commit: 55ff947


12/21/2016 01:51:44 am Deployed branch:  Commit: 1fc45d3


12/21/2016 01:53:39 am Deployed branch:  Commit: 82db7af


12/21/2016 01:55:47 am Deployed branch:  Commit: 89f1856


12/21/2016 01:57:54 am Deployed branch:  Commit: 09f2748


12/21/2016 02:01:24 am Deployed branch:  Commit: 09f2748


12/21/2016 02:06:06 am Deployed branch:  Commit: f5732c6


12/21/2016 02:12:55 am Deployed branch:  Commit: 8e0cf10


12/21/2016 02:18:04 am Deployed branch:  Commit: 030205e


12/21/2016 02:18:34 am Deployed branch:  Commit: 030205e


12/21/2016 02:22:07 am Deployed branch:  Commit: 724a53f


12/21/2016 02:21:27 pm Deployed branch:  Commit: f73e73c


12/21/2016 04:28:37 pm Deployed branch:  Commit: f73e73c


12/21/2016 04:32:06 pm Deployed branch:  Commit: f73e73c


12/21/2016 04:33:49 pm Deployed branch:  Commit: f73e73c


12/21/2016 04:45:11 pm Deployed branch:  Commit: 67c2821


12/21/2016 05:36:52 pm Deployed branch:  Commit: a25ff95


12/21/2016 06:11:58 pm Deployed branch:  Commit: a25ff95


12/21/2016 06:12:46 pm Deployed branch:  Commit: a25ff95


12/21/2016 06:28:55 pm Deployed branch:  Commit: afd9e66


12/22/2016 09:59:20 am Deployed branch:  Commit: afd9e66


12/22/2016 11:02:27 am Deployed branch:  Commit: 3a542f8


12/22/2016 11:16:11 am Deployed branch:  Commit: 522de65


12/22/2016 11:19:30 am Deployed branch:  Commit: f12cf7f


12/22/2016 11:47:05 am Deployed branch:  Commit: e0b348a


12/22/2016 12:02:11 pm Deployed branch:  Commit: aa92cde


12/22/2016 12:04:41 pm Deployed branch:  Commit: aa92cde


12/22/2016 03:19:10 pm Deployed branch:  Commit: afc2c2a


12/22/2016 03:28:29 pm Deployed branch:  Commit: 9b872b1


12/22/2016 03:39:36 pm Deployed branch:  Commit: 9b872b1


12/22/2016 03:52:24 pm Deployed branch:  Commit: f7f2b91


12/22/2016 04:03:56 pm Deployed branch:  Commit: 160abb2


12/22/2016 04:14:46 pm Deployed branch:  Commit: 82478f3


12/22/2016 04:20:30 pm Deployed branch:  Commit: e3742f2


12/23/2016 03:47:06 pm Deployed branch:  Commit: 2c9a8a0


12/23/2016 03:54:24 pm Deployed branch:  Commit: 8c7eda8


12/23/2016 04:06:31 pm Deployed branch:  Commit: 709bd7e


12/23/2016 04:19:02 pm Deployed branch:  Commit: d081bab


12/23/2016 04:44:44 pm Deployed branch:  Commit: d081bab


12/23/2016 04:49:32 pm Deployed branch:  Commit: f40e2b3


12/23/2016 04:56:51 pm Deployed branch:  Commit: f40e2b3


12/23/2016 05:10:59 pm Deployed branch:  Commit: a36256a


12/23/2016 05:23:33 pm Deployed branch:  Commit: 0e02f2b


12/23/2016 05:27:28 pm Deployed branch:  Commit: 701cb59


12/23/2016 05:44:22 pm Deployed branch:  Commit: 701cb59


12/23/2016 05:49:37 pm Deployed branch:  Commit: 283784a


12/23/2016 05:52:25 pm Deployed branch:  Commit: 3917b69


12/23/2016 05:55:20 pm Deployed branch:  Commit: 6be2844


12/23/2016 05:56:47 pm Deployed branch:  Commit: 8ef987c


12/23/2016 05:58:22 pm Deployed branch:  Commit: 3067542


12/23/2016 05:59:50 pm Deployed branch:  Commit: 963ad2d


12/23/2016 06:05:35 pm Deployed branch:  Commit: 963ad2d


12/23/2016 06:08:13 pm Deployed branch:  Commit: 74c27c7


12/23/2016 06:16:04 pm Deployed branch:  Commit: c5881b4


12/23/2016 06:17:28 pm Deployed branch:  Commit: f25b048


12/23/2016 06:29:59 pm Deployed branch:  Commit: 92c56ad


12/23/2016 06:34:49 pm Deployed branch:  Commit: 6af776d


12/23/2016 06:48:21 pm Deployed branch:  Commit: 6af776d


12/23/2016 06:49:22 pm Deployed branch:  Commit: 1dc5720


12/23/2016 06:53:22 pm Deployed branch:  Commit: 2f39ec5


12/23/2016 07:32:50 pm Deployed branch:  Commit: 90f5c5a


12/23/2016 07:35:04 pm Deployed branch:  Commit: ec75a51


12/23/2016 07:37:51 pm Deployed branch:  Commit: d4b3ab9


12/23/2016 07:40:11 pm Deployed branch:  Commit: 4539f4e


12/23/2016 07:43:12 pm Deployed branch:  Commit: e4ed966


12/24/2016 01:09:07 am Deployed branch:  Commit: fd764a9


12/25/2016 12:12:02 pm Deployed branch:  Commit: fd764a9


12/25/2016 12:16:03 pm Deployed branch:  Commit: 54cf7aa


12/25/2016 01:40:40 pm Deployed branch:  Commit: 54cf7aa


12/27/2016 07:35:14 pm Deployed branch:  Commit: 54cf7aa


12/28/2016 10:39:27 am Deployed branch:  Commit: 54cf7aa


12/28/2016 01:49:12 pm Deployed branch:  Commit: 1061ffc


12/28/2016 01:56:09 pm Deployed branch:  Commit: 1061ffc


12/28/2016 02:00:09 pm Deployed branch:  Commit: 1061ffc


12/28/2016 03:42:14 pm Deployed branch:  Commit: 1061ffc


12/28/2016 03:49:02 pm Deployed branch:  Commit: 1061ffc


12/28/2016 07:01:48 pm Deployed branch:  Commit: 1061ffc


12/30/2016 09:51:39 am Deployed branch:  Commit: 1061ffc


12/30/2016 10:02:17 am Deployed branch:  Commit: 1c5f817


12/30/2016 10:17:32 am Deployed branch:  Commit: 1c5f817


12/30/2016 11:05:45 am Deployed branch:  Commit: b20251b


12/30/2016 05:43:43 pm Deployed branch:  Commit: 313dddd


12/30/2016 08:04:47 pm Deployed branch:  Commit: 313dddd


12/31/2016 12:32:39 am Deployed branch:  Commit: 313dddd


12/31/2016 02:38:23 am Deployed branch:  Commit: 313dddd


12/31/2016 02:52:15 am Deployed branch:  Commit: 4cb6a35


01/02/2017 05:26:34 pm Deployed branch:  Commit: eb9a9a5


01/02/2017 05:42:56 pm Deployed branch:  Commit: 178d830


01/02/2017 05:43:52 pm Deployed branch:  Commit: 178d830


01/03/2017 10:28:38 am Deployed branch:  Commit: 178d830


01/03/2017 10:48:10 am Deployed branch:  Commit: 178d830


01/03/2017 11:09:58 am Deployed branch:  Commit: fbbd6c5


01/03/2017 11:23:14 am Deployed branch:  Commit: fbbd6c5


01/03/2017 06:33:50 pm Deployed branch:  Commit: fbbd6c5


01/03/2017 07:55:08 pm Deployed branch:  Commit: fbbd6c5


01/04/2017 10:11:30 am Deployed branch:  Commit: fbbd6c5


01/04/2017 01:43:48 pm Deployed branch:  Commit: fbbd6c5


01/04/2017 01:47:58 pm Deployed branch:  Commit: fbbd6c5


01/04/2017 02:00:51 pm Deployed branch:  Commit: fbbd6c5


01/04/2017 02:06:13 pm Deployed branch:  Commit: fbbd6c5


01/04/2017 06:20:22 pm Deployed branch:  Commit: fbbd6c5


01/04/2017 06:21:14 pm Deployed branch:  Commit: fbbd6c5


01/04/2017 06:22:25 pm Deployed branch:  Commit: fbbd6c5


01/04/2017 06:56:25 pm Deployed branch:  Commit: fbbd6c5


01/04/2017 07:00:10 pm Deployed branch:  Commit: fbbd6c5


01/04/2017 07:32:45 pm Deployed branch:  Commit: fbbd6c5


01/04/2017 07:57:10 pm Deployed branch:  Commit: fbbd6c5


01/04/2017 07:57:33 pm Deployed branch:  Commit: fbbd6c5


01/04/2017 08:33:58 pm Deployed branch:  Commit: d8b27fd


01/05/2017 10:44:13 am Deployed branch:  Commit: c5826b6


01/05/2017 10:45:33 am Deployed branch:  Commit: c5826b6


01/05/2017 11:13:53 am Deployed branch:  Commit: c5826b6


01/05/2017 11:17:24 am Deployed branch:  Commit: c5826b6


01/05/2017 11:59:51 am Deployed branch:  Commit: c5826b6


01/05/2017 01:20:22 pm Deployed branch:  Commit: c5826b6


01/05/2017 03:19:39 pm Deployed branch:  Commit: c5826b6


01/05/2017 11:20:19 pm Deployed branch:  Commit: e9d55bc


01/06/2017 10:37:33 am Deployed branch:  Commit: 560bffe


01/06/2017 11:59:38 am Deployed branch:  Commit: 9774f2a


01/06/2017 12:01:07 pm Deployed branch:  Commit: 9774f2a


01/06/2017 12:03:02 pm Deployed branch:  Commit: 9774f2a


01/06/2017 12:37:39 pm Deployed branch:  Commit: 9774f2a


01/06/2017 01:38:45 pm Deployed branch:  Commit: f05d4ee


01/06/2017 02:12:00 pm Deployed branch:  Commit: f05d4ee


01/06/2017 02:13:00 pm Deployed branch:  Commit: f05d4ee


01/06/2017 06:58:39 pm Deployed branch:  Commit: 9c3e470


01/06/2017 07:17:35 pm Deployed branch:  Commit: 9c3e470


01/06/2017 07:23:36 pm Deployed branch:  Commit: 2ff2ca9


01/06/2017 07:26:11 pm Deployed branch:  Commit: 9b09ba7


01/06/2017 07:30:24 pm Deployed branch:  Commit: e6c538d


01/06/2017 07:46:14 pm Deployed branch:  Commit: 7208f88


01/06/2017 11:42:42 pm Deployed branch:  Commit: 3478192


01/07/2017 11:16:52 am Deployed branch:  Commit: badadfe


01/09/2017 12:14:49 pm Deployed branch:  Commit: 0c5cb5b


01/09/2017 02:27:14 pm Deployed branch:  Commit: f256782


01/09/2017 03:11:37 pm Deployed branch:  Commit: e269f8b


01/09/2017 03:36:06 pm Deployed branch:  Commit: bb56e17


01/09/2017 03:40:34 pm Deployed branch:  Commit: 9a97476


01/09/2017 03:53:28 pm Deployed branch:  Commit: ee77770


01/09/2017 05:37:58 pm Deployed branch:  Commit: 69863ae


01/09/2017 06:05:28 pm Deployed branch:  Commit: 482b9e3


01/09/2017 06:08:57 pm Deployed branch:  Commit: 482b9e3


01/09/2017 06:11:07 pm Deployed branch:  Commit: 482b9e3


01/09/2017 06:13:24 pm Deployed branch:  Commit: 482b9e3


01/09/2017 06:21:51 pm Deployed branch:  Commit: 482b9e3


01/09/2017 06:48:23 pm Deployed branch:  Commit: fa751e2


01/09/2017 08:55:21 pm Deployed branch:  Commit: fa751e2


01/10/2017 10:16:54 am Deployed branch:  Commit: fa751e2


01/10/2017 11:13:18 am Deployed branch:  Commit: 29deb93


01/10/2017 11:20:33 am Deployed branch:  Commit: 0fab077


01/10/2017 11:23:28 am Deployed branch:  Commit: 0fab077


01/10/2017 12:37:38 pm Deployed branch:  Commit: 189076b


01/10/2017 12:55:19 pm Deployed branch:  Commit: a25fbd9


01/10/2017 02:07:40 pm Deployed branch:  Commit: 32bcc24


01/10/2017 02:19:11 pm Deployed branch:  Commit: 6539c3f


01/10/2017 02:25:37 pm Deployed branch:  Commit: 15efcdb


01/10/2017 02:58:35 pm Deployed branch:  Commit: 6041b51


01/10/2017 04:43:17 pm Deployed branch:  Commit: 6041b51


01/10/2017 04:51:59 pm Deployed branch:  Commit: 6041b51


01/10/2017 05:30:32 pm Deployed branch:  Commit: 907c72f


01/10/2017 06:00:53 pm Deployed branch:  Commit: 058c80e


01/10/2017 06:05:03 pm Deployed branch:  Commit: fc61a52


01/10/2017 07:13:04 pm Deployed branch:  Commit: 016f019


01/10/2017 07:43:07 pm Deployed branch:  Commit: f8e9ce6


01/11/2017 09:45:24 am Deployed branch:  Commit: f785de4


01/11/2017 09:50:28 am Deployed branch:  Commit: 0354239


01/11/2017 09:54:11 am Deployed branch:  Commit: 714d5e9


01/11/2017 04:18:56 pm Deployed branch:  Commit: 06deda7


01/11/2017 04:33:43 pm Deployed branch:  Commit: efc7720


01/11/2017 04:39:19 pm Deployed branch:  Commit: 9dbdaac


01/11/2017 04:44:17 pm Deployed branch:  Commit: cf5a020


01/11/2017 04:45:47 pm Deployed branch:  Commit: e5735ab


01/11/2017 04:47:26 pm Deployed branch:  Commit: e5735ab


01/11/2017 04:50:15 pm Deployed branch:  Commit: bebc203


01/11/2017 04:52:17 pm Deployed branch:  Commit: c8e0d9a


01/11/2017 04:53:25 pm Deployed branch:  Commit: 42cfbdd


01/11/2017 04:54:31 pm Deployed branch:  Commit: 6665bcb


01/11/2017 04:58:55 pm Deployed branch:  Commit: 0e226e3


01/11/2017 05:14:52 pm Deployed branch:  Commit: d978cb1


01/11/2017 07:11:10 pm Deployed branch:  Commit: 02f2bdb


01/12/2017 12:30:48 pm Deployed branch:  Commit: 02f2bdb


01/12/2017 12:36:44 pm Deployed branch:  Commit: 02f2bdb


01/12/2017 01:10:15 pm Deployed branch:  Commit: 0df06a6


01/12/2017 01:11:29 pm Deployed branch:  Commit: 0df06a6


01/12/2017 01:26:09 pm Deployed branch:  Commit: 0df06a6


01/12/2017 06:45:05 pm Deployed branch:  Commit: 30ebd72


01/12/2017 07:10:10 pm Deployed branch:  Commit: 30ebd72


01/13/2017 10:37:11 am Deployed branch:  Commit: 5f1ec63


01/13/2017 10:54:23 am Deployed branch:  Commit: b93a98c


01/13/2017 11:18:22 am Deployed branch:  Commit: fe81f6e


01/13/2017 12:59:58 pm Deployed branch:  Commit: 1abe164


01/13/2017 01:16:59 pm Deployed branch:  Commit: 64dfe33


01/13/2017 02:52:38 pm Deployed branch:  Commit: ba37748


01/13/2017 03:28:18 pm Deployed branch:  Commit: e7d4826


01/13/2017 03:30:14 pm Deployed branch:  Commit: e7d4826


01/13/2017 03:33:02 pm Deployed branch:  Commit: f855998


01/13/2017 05:06:38 pm Deployed branch:  Commit: 734aa17


01/13/2017 05:32:32 pm Deployed branch:  Commit: c878e6d


01/13/2017 05:44:28 pm Deployed branch:  Commit: c878e6d


01/13/2017 06:00:49 pm Deployed branch:  Commit: fa1151c


01/13/2017 06:08:52 pm Deployed branch:  Commit: 3efd567


01/13/2017 06:24:26 pm Deployed branch:  Commit: ea02e7f


01/13/2017 07:54:02 pm Deployed branch:  Commit: 8e3b61c


01/16/2017 01:03:40 pm Deployed branch:  Commit: b696756


01/16/2017 01:15:09 pm Deployed branch:  Commit: df5c5b0


01/16/2017 05:10:27 pm Deployed branch:  Commit: df5c5b0


01/16/2017 07:55:56 pm Deployed branch:  Commit: df5c5b0


01/17/2017 12:01:19 pm Deployed branch:  Commit: df5c5b0


01/17/2017 01:43:37 pm Deployed branch:  Commit: df5c5b0


01/17/2017 05:09:52 pm Deployed branch:  Commit: 80a3e64


01/17/2017 06:12:02 pm Deployed branch:  Commit: 4ddd639


01/17/2017 06:14:38 pm Deployed branch:  Commit: 4f0ffd2


01/17/2017 06:16:12 pm Deployed branch:  Commit: be602fb


01/17/2017 07:36:45 pm Deployed branch:  Commit: 7b19cf8


01/17/2017 07:39:19 pm Deployed branch:  Commit: 7b19cf8


01/17/2017 09:28:49 pm Deployed branch:  Commit: 6bb91d3


01/17/2017 09:34:14 pm Deployed branch:  Commit: 1a9f3e4


01/18/2017 12:22:14 pm Deployed branch:  Commit: 9089748


01/18/2017 01:15:16 pm Deployed branch:  Commit: 2f95062


01/18/2017 01:23:02 pm Deployed branch:  Commit: e047e3b


01/18/2017 01:28:52 pm Deployed branch:  Commit: 9cda63d


01/18/2017 08:15:09 pm Deployed branch:  Commit: 3b53ea0


01/19/2017 01:31:14 pm Deployed branch:  Commit: 3b53ea0


01/19/2017 03:05:59 pm Deployed branch:  Commit: 8d62b20


01/19/2017 07:09:48 pm Deployed branch:  Commit: 95874fb


01/19/2017 09:26:20 pm Deployed branch:  Commit: 95874fb


01/20/2017 10:32:38 am Deployed branch:  Commit: 95874fb


01/20/2017 12:16:37 pm Deployed branch:  Commit: 908b9a5


01/20/2017 12:30:27 pm Deployed branch:  Commit: c109e33


01/20/2017 12:40:52 pm Deployed branch:  Commit: 55d9600


01/20/2017 02:10:13 pm Deployed branch:  Commit: 0edb5fd


01/20/2017 02:41:07 pm Deployed branch:  Commit: 0edb5fd


01/20/2017 02:54:05 pm Deployed branch:  Commit: 25da74b


01/20/2017 02:56:10 pm Deployed branch:  Commit: 7e0f24e


01/20/2017 03:20:47 pm Deployed branch:  Commit: 536ffe3


01/20/2017 03:25:57 pm Deployed branch:  Commit: 8afa619


01/20/2017 03:29:15 pm Deployed branch:  Commit: 8afa619


01/20/2017 03:48:27 pm Deployed branch:  Commit: 88ce14a


01/20/2017 03:52:29 pm Deployed branch:  Commit: 3fbbe23


01/20/2017 03:56:39 pm Deployed branch:  Commit: 69324f2


01/20/2017 05:18:01 pm Deployed branch:  Commit: 2dbde77


01/20/2017 05:30:03 pm Deployed branch:  Commit: 8216716


01/20/2017 05:33:48 pm Deployed branch:  Commit: 8216716


01/23/2017 12:08:55 pm Deployed branch:  Commit: 8216716


01/23/2017 01:15:04 pm Deployed branch:  Commit: 8216716


01/23/2017 01:18:18 pm Deployed branch:  Commit: 735dc7f


01/23/2017 01:21:04 pm Deployed branch:  Commit: 1542c5b


01/23/2017 03:30:56 pm Deployed branch:  Commit: 652374f


01/23/2017 03:48:00 pm Deployed branch:  Commit: 75dd3c9


01/23/2017 04:06:18 pm Deployed branch:  Commit: a64ed33


01/23/2017 04:15:32 pm Deployed branch:  Commit: 3d5f318


01/23/2017 04:17:50 pm Deployed branch:  Commit: cfb59dc


01/23/2017 04:29:30 pm Deployed branch:  Commit: b5c4f97


01/23/2017 04:40:28 pm Deployed branch:  Commit: b5c4f97


01/23/2017 04:54:09 pm Deployed branch:  Commit: 5cbb14f


01/23/2017 04:56:05 pm Deployed branch:  Commit: 5cbb14f


01/23/2017 05:23:25 pm Deployed branch:  Commit: d9af275


01/23/2017 05:50:04 pm Deployed branch:  Commit: d9af275


01/23/2017 06:06:15 pm Deployed branch:  Commit: 239291e


01/23/2017 06:43:04 pm Deployed branch:  Commit: 0547e54


01/24/2017 10:18:10 am Deployed branch:  Commit: 6db704f


01/24/2017 10:30:01 am Deployed branch:  Commit: d96ca2d


01/24/2017 11:35:50 am Deployed branch:  Commit: e450412


01/24/2017 11:49:48 am Deployed branch:  Commit: 2a3ffc5


01/24/2017 12:33:38 pm Deployed branch:  Commit: 4ec7a62


01/24/2017 12:54:52 pm Deployed branch:  Commit: 54708c9


01/24/2017 03:52:51 pm Deployed branch:  Commit: 815bcd7


01/24/2017 03:55:22 pm Deployed branch:  Commit: 906c04e


01/24/2017 04:04:51 pm Deployed branch:  Commit: b6f1157


01/24/2017 06:04:42 pm Deployed branch:  Commit: b6f1157


01/24/2017 06:26:12 pm Deployed branch:  Commit: b6f1157


01/24/2017 06:28:58 pm Deployed branch:  Commit: a2fc638


01/24/2017 08:00:30 pm Deployed branch:  Commit: 644d5e8


01/24/2017 08:03:48 pm Deployed branch:  Commit: eb0faa1


01/25/2017 11:57:50 am Deployed branch:  Commit: a6d97de


01/25/2017 02:14:25 pm Deployed branch:  Commit: 8a6e0ac


01/25/2017 02:23:59 pm Deployed branch:  Commit: 2628db3


01/25/2017 03:57:50 pm Deployed branch:  Commit: 49d9463


01/25/2017 07:02:19 pm Deployed branch:  Commit: 0be06a7


01/25/2017 07:31:03 pm Deployed branch:  Commit: 0be06a7


01/25/2017 07:58:17 pm Deployed branch:  Commit: 0be06a7


01/25/2017 08:02:58 pm Deployed branch:  Commit: 0be06a7


01/26/2017 10:29:38 am Deployed branch:  Commit: f26e48b


01/26/2017 10:38:57 am Deployed branch:  Commit: 9dcfa07


01/26/2017 10:41:21 am Deployed branch:  Commit: 95bcb5d


01/26/2017 10:43:27 am Deployed branch:  Commit: ba064a9


01/26/2017 11:07:51 am Deployed branch:  Commit: aa801a2


01/26/2017 02:22:19 pm Deployed branch:  Commit: e5a6eab


01/26/2017 02:30:39 pm Deployed branch:  Commit: a95e6be


01/26/2017 02:33:31 pm Deployed branch:  Commit: a95e6be


01/26/2017 02:34:27 pm Deployed branch:  Commit: a95e6be


01/26/2017 02:41:46 pm Deployed branch:  Commit: 3cfb23a


01/26/2017 03:24:18 pm Deployed branch:  Commit: 0567f4c


01/26/2017 03:26:13 pm Deployed branch:  Commit: efacfee


01/26/2017 03:30:22 pm Deployed branch:  Commit: 89004b8


01/26/2017 03:59:08 pm Deployed branch:  Commit: 20e402b


01/26/2017 06:50:15 pm Deployed branch:  Commit: 9a30bcd


01/26/2017 07:00:13 pm Deployed branch:  Commit: 2dd3ed5


01/26/2017 07:08:51 pm Deployed branch:  Commit: 9ed1303


01/26/2017 07:21:40 pm Deployed branch:  Commit: d9c9912


01/26/2017 07:47:52 pm Deployed branch:  Commit: 9cad2d5


01/26/2017 08:21:48 pm Deployed branch:  Commit: 9cad2d5


01/27/2017 12:10:18 pm Deployed branch:  Commit: 11c3b4b


01/27/2017 12:32:44 pm Deployed branch:  Commit: 3c5aced


01/27/2017 01:05:10 pm Deployed branch:  Commit: e9a8c61


01/27/2017 01:20:33 pm Deployed branch:  Commit: 96b95a3


01/27/2017 01:22:13 pm Deployed branch:  Commit: 9306abc


01/27/2017 03:32:35 pm Deployed branch:  Commit: 9306abc


01/27/2017 03:46:16 pm Deployed branch:  Commit: 9306abc


01/27/2017 03:53:12 pm Deployed branch:  Commit: c7216d1


01/27/2017 04:17:52 pm Deployed branch:  Commit: c7216d1


01/27/2017 04:47:11 pm Deployed branch:  Commit: 223cfa7


01/27/2017 04:53:57 pm Deployed branch:  Commit: 223cfa7


01/27/2017 04:57:16 pm Deployed branch:  Commit: 223cfa7


01/27/2017 05:56:09 pm Deployed branch:  Commit: e991421


01/27/2017 11:02:57 pm Deployed branch:  Commit: e991421


01/28/2017 03:10:07 pm Deployed branch:  Commit: d3e3a50


01/28/2017 04:36:40 pm Deployed branch:  Commit: 419147a


01/28/2017 04:51:17 pm Deployed branch:  Commit: 16f839d


01/28/2017 05:15:57 pm Deployed branch:  Commit: 60bd6ce


01/28/2017 05:20:39 pm Deployed branch:  Commit: 1e6abf6


01/28/2017 05:25:50 pm Deployed branch:  Commit: d0487a7


01/28/2017 06:23:58 pm Deployed branch:  Commit: bbca12b


01/28/2017 06:54:30 pm Deployed branch:  Commit: bbca12b


01/29/2017 12:26:38 am Deployed branch:  Commit: abbf4d8


01/29/2017 12:40:44 am Deployed branch:  Commit: 5b52e22


01/29/2017 12:43:04 am Deployed branch:  Commit: b7a3466


01/29/2017 01:11:15 am Deployed branch:  Commit: b7a3466


01/29/2017 01:30:09 am Deployed branch:  Commit: 60cc118


01/29/2017 01:45:00 am Deployed branch:  Commit: 60cc118


01/29/2017 01:59:38 am Deployed branch:  Commit: 646180e


01/29/2017 02:15:04 am Deployed branch:  Commit: 646180e


01/29/2017 02:24:48 am Deployed branch:  Commit: 646180e


01/29/2017 04:23:18 am Deployed branch:  Commit: 15d04ed


01/29/2017 04:57:09 pm Deployed branch:  Commit: f32049f


01/29/2017 07:21:47 pm Deployed branch:  Commit: f32049f


01/29/2017 09:47:07 pm Deployed branch:  Commit: 4581a59


01/30/2017 12:26:54 am Deployed branch:  Commit: dea5d2a


01/30/2017 12:28:43 am Deployed branch:  Commit: dea5d2a


01/30/2017 02:46:48 am Deployed branch:  Commit: b68b298


01/30/2017 03:55:08 am Deployed branch:  Commit: b68b298


01/30/2017 12:18:53 pm Deployed branch:  Commit: abe1cfb


01/30/2017 12:42:01 pm Deployed branch:  Commit: abe1cfb


01/30/2017 12:53:33 pm Deployed branch:  Commit: 2c50158


01/30/2017 01:00:31 pm Deployed branch:  Commit: 00966b7


01/30/2017 01:04:16 pm Deployed branch:  Commit: 6f757f2


01/30/2017 02:23:13 pm Deployed branch:  Commit: 509ea14


01/30/2017 04:05:07 pm Deployed branch:  Commit: 509ea14


01/30/2017 04:13:41 pm Deployed branch:  Commit: abbec67


01/30/2017 07:28:51 pm Deployed branch:  Commit: 1c9e367


01/30/2017 07:51:22 pm Deployed branch:  Commit: 228fe8e


01/30/2017 07:57:52 pm Deployed branch:  Commit: d2c5c60


01/31/2017 10:51:02 am Deployed branch:  Commit: b8278a2


01/31/2017 11:33:33 am Deployed branch:  Commit: d9eedba


01/31/2017 11:38:43 am Deployed branch:  Commit: db5e1bd


01/31/2017 12:19:13 pm Deployed branch:  Commit: fe4afbc


01/31/2017 06:09:56 pm Deployed branch:  Commit: ae5c738


01/31/2017 06:52:17 pm Deployed branch:  Commit: b8bb2e9


01/31/2017 07:24:40 pm Deployed branch:  Commit: aa80409


01/31/2017 07:25:53 pm Deployed branch:  Commit: cc51e0b


01/31/2017 09:02:30 pm Deployed branch:  Commit: 7cae99a


02/01/2017 12:03:32 am Deployed branch:  Commit: 7cae99a


02/01/2017 04:39:05 pm Deployed branch:  Commit: 12f29b0


02/01/2017 04:45:31 pm Deployed branch:  Commit: cfbe0ce


02/01/2017 04:52:54 pm Deployed branch:  Commit: a6d12d5


02/01/2017 04:59:58 pm Deployed branch:  Commit: cbeb99e


02/01/2017 05:02:08 pm Deployed branch:  Commit: c60e0a2


02/01/2017 05:05:27 pm Deployed branch:  Commit: 29e2dc5


02/01/2017 05:17:45 pm Deployed branch:  Commit: c43414d


02/01/2017 05:19:02 pm Deployed branch:  Commit: 25d4f52


02/01/2017 05:21:55 pm Deployed branch:  Commit: 17f39a4


02/01/2017 05:26:49 pm Deployed branch:  Commit: 3b49619


02/01/2017 05:29:31 pm Deployed branch:  Commit: f555d57


02/01/2017 05:30:31 pm Deployed branch:  Commit: 0c13136


02/01/2017 05:31:40 pm Deployed branch:  Commit: fa7c4a6


02/01/2017 05:32:24 pm Deployed branch:  Commit: 1cea22f


02/01/2017 05:56:27 pm Deployed branch:  Commit: 1cea22f


02/01/2017 06:25:28 pm Deployed branch:  Commit: 532f277


02/01/2017 07:25:21 pm Deployed branch:  Commit: 7a189b2


02/02/2017 10:46:52 am Deployed branch:  Commit: 1a77b9b


02/02/2017 10:54:09 am Deployed branch:  Commit: 2b56405


02/02/2017 12:14:45 pm Deployed branch:  Commit: f37eaee


02/02/2017 12:16:29 pm Deployed branch:  Commit: 665283a


02/02/2017 12:18:29 pm Deployed branch:  Commit: e5b0afb


02/02/2017 12:37:11 pm Deployed branch:  Commit: 5247235


02/02/2017 01:47:38 pm Deployed branch:  Commit: ae61571


02/02/2017 03:46:42 pm Deployed branch:  Commit: e016b5b


02/02/2017 05:13:04 pm Deployed branch:  Commit: e6daa4f


02/02/2017 06:40:01 pm Deployed branch:  Commit: e6daa4f


02/02/2017 07:21:39 pm Deployed branch:  Commit: 2f74ab7


02/02/2017 07:39:51 pm Deployed branch:  Commit: fb60f8a


02/02/2017 08:05:23 pm Deployed branch:  Commit: fb60f8a


02/02/2017 08:21:48 pm Deployed branch:  Commit: e631375


02/02/2017 08:30:50 pm Deployed branch:  Commit: 9258137


02/02/2017 08:33:16 pm Deployed branch:  Commit: b75d92b


02/02/2017 08:41:03 pm Deployed branch:  Commit: b75d92b


02/02/2017 09:03:24 pm Deployed branch:  Commit: 7cf20d0


02/02/2017 09:38:03 pm Deployed branch:  Commit: 0323814


02/02/2017 10:00:12 pm Deployed branch:  Commit: a4e5eab


02/02/2017 10:07:04 pm Deployed branch:  Commit: 1e7b74f


02/02/2017 11:34:27 pm Deployed branch:  Commit: 48b08a2


02/02/2017 11:37:45 pm Deployed branch:  Commit: 48b08a2


02/03/2017 12:08:44 am Deployed branch:  Commit: 48b08a2


02/03/2017 12:17:02 am Deployed branch:  Commit: 77ce69a


02/03/2017 01:01:22 am Deployed branch:  Commit: 77ce69a


02/03/2017 01:09:28 am Deployed branch:  Commit: 91c3c62


02/03/2017 01:13:09 am Deployed branch:  Commit: b633832


02/06/2017 12:55:55 pm Deployed branch:  Commit: 3ae2b30


02/06/2017 12:56:41 pm Deployed branch:  Commit: 3ae2b30


02/06/2017 04:18:39 pm Deployed branch:  Commit: 6483a5d


02/06/2017 04:29:31 pm Deployed branch:  Commit: 05da8af


02/06/2017 07:30:09 pm Deployed branch:  Commit: b43a20e


02/06/2017 07:33:10 pm Deployed branch:  Commit: 6a32d91


02/06/2017 07:53:57 pm Deployed branch:  Commit: 1b67867


02/06/2017 09:03:45 pm Deployed branch:  Commit: abfeafd


02/07/2017 12:21:15 pm Deployed branch:  Commit: 567b9dd


02/07/2017 12:27:36 pm Deployed branch:  Commit: 567b9dd


02/07/2017 12:32:43 pm Deployed branch:  Commit: 09f1b7f


02/07/2017 12:36:57 pm Deployed branch:  Commit: 90fa586


02/07/2017 12:51:59 pm Deployed branch:  Commit: d3de3ba


02/07/2017 01:09:16 pm Deployed branch:  Commit: c990d6f


02/07/2017 01:26:31 pm Deployed branch:  Commit: 3f6b158


02/07/2017 04:02:36 pm Deployed branch:  Commit: 3f25f35


02/07/2017 05:17:32 pm Deployed branch:  Commit: f3cf80e


02/07/2017 05:25:57 pm Deployed branch:  Commit: dcbbdbd


02/08/2017 02:47:03 am Deployed branch:  Commit: 491a476


02/08/2017 10:34:45 am Deployed branch:  Commit: 491a476


02/08/2017 10:45:22 am Deployed branch:  Commit: 872298f


02/08/2017 10:47:19 am Deployed branch:  Commit: 35e4d1a


02/08/2017 11:03:31 am Deployed branch:  Commit: 5cc7c2f


02/08/2017 11:14:21 am Deployed branch:  Commit: df5c773


02/08/2017 11:26:24 am Deployed branch:  Commit: df5c773


02/08/2017 11:31:07 am Deployed branch:  Commit: df5c773


02/08/2017 11:35:51 am Deployed branch:  Commit: df5c773


02/08/2017 11:40:59 am Deployed branch:  Commit: df5c773


02/08/2017 02:30:25 pm Deployed branch:  Commit: ed82f20


02/08/2017 02:40:13 pm Deployed branch:  Commit: 1a2f7f7


02/08/2017 03:12:04 pm Deployed branch:  Commit: 1a2f7f7


02/08/2017 03:51:42 pm Deployed branch:  Commit: 103efdd


02/08/2017 04:13:47 pm Deployed branch:  Commit: 4f14d8b


02/08/2017 04:48:44 pm Deployed branch:  Commit: 6891404


02/08/2017 04:59:40 pm Deployed branch:  Commit: a2787a8


02/08/2017 05:07:06 pm Deployed branch:  Commit: 4d86f4a


02/08/2017 05:16:33 pm Deployed branch:  Commit: 4d86f4a


02/08/2017 07:54:19 pm Deployed branch:  Commit: 7bbca94


02/09/2017 03:39:39 am Deployed branch:  Commit: 649b26b


02/09/2017 09:47:07 am Deployed branch:  Commit: 4e033f8


02/09/2017 10:01:07 am Deployed branch:  Commit: 4e033f8


02/09/2017 11:26:28 am Deployed branch:  Commit: fe145e5


02/09/2017 11:44:30 am Deployed branch:  Commit: 5e1cbbb


02/09/2017 12:12:23 pm Deployed branch:  Commit: 7836567


02/09/2017 12:16:59 pm Deployed branch:  Commit: 7836567


02/09/2017 12:21:59 pm Deployed branch:  Commit: e8f5268


02/09/2017 01:07:34 pm Deployed branch:  Commit: d5a3034


02/09/2017 04:57:52 pm Deployed branch:  Commit: adb1afc


02/09/2017 05:05:29 pm Deployed branch:  Commit: 85624ac


02/09/2017 05:16:50 pm Deployed branch:  Commit: 16ecf16


02/09/2017 05:39:34 pm Deployed branch:  Commit: 5241160


02/09/2017 07:06:23 pm Deployed branch:  Commit: 0585412


02/09/2017 07:08:29 pm Deployed branch:  Commit: b394aa6


02/09/2017 07:11:35 pm Deployed branch:  Commit: c0a1f93


02/09/2017 07:15:19 pm Deployed branch:  Commit: 1b3da6d


02/09/2017 07:37:34 pm Deployed branch:  Commit: a5b3f93


02/10/2017 02:04:28 am Deployed branch:  Commit: c6e5379


02/10/2017 02:25:15 pm Deployed branch:  Commit: ae59270


02/10/2017 02:26:11 pm Deployed branch:  Commit: 434d729


02/10/2017 02:34:58 pm Deployed branch:  Commit: 537fac0


02/10/2017 02:50:05 pm Deployed branch:  Commit: 9b59bda


02/10/2017 03:43:57 pm Deployed branch:  Commit: b259087


02/10/2017 03:50:43 pm Deployed branch:  Commit: c93e20e


02/10/2017 04:09:05 pm Deployed branch:  Commit: ff0a67e


02/10/2017 04:18:33 pm Deployed branch:  Commit: 8cb0e06


02/10/2017 05:57:21 pm Deployed branch:  Commit: 81c8b78


02/10/2017 06:11:44 pm Deployed branch:  Commit: 9d2bc5e


02/10/2017 06:21:43 pm Deployed branch:  Commit: 72fa19d


02/10/2017 06:54:11 pm Deployed branch:  Commit: ce430a5


02/10/2017 07:15:19 pm Deployed branch:  Commit: 2ac5532


02/11/2017 03:20:06 pm Deployed branch:  Commit: 504629e


02/11/2017 06:20:51 pm Deployed branch:  Commit: 60c94bc


02/11/2017 06:24:20 pm Deployed branch:  Commit: 8b5ae05


02/11/2017 08:03:15 pm Deployed branch:  Commit: 3ec8de1


02/11/2017 08:10:53 pm Deployed branch:  Commit: 562fce3


02/11/2017 08:15:50 pm Deployed branch:  Commit: 5d67a0a


02/11/2017 08:57:00 pm Deployed branch:  Commit: 879f618


02/11/2017 08:58:34 pm Deployed branch:  Commit: 621f3ca


02/11/2017 09:00:09 pm Deployed branch:  Commit: 02719c5


02/11/2017 09:01:58 pm Deployed branch:  Commit: 8d468a3


02/11/2017 11:18:55 pm Deployed branch:  Commit: ceeee0f


02/11/2017 11:49:29 pm Deployed branch:  Commit: 35bb2c5


02/13/2017 11:30:55 am Deployed branch:  Commit: e792eae


02/13/2017 12:14:11 pm Deployed branch:  Commit: 173c96e


02/13/2017 12:16:59 pm Deployed branch:  Commit: a9e1f87


02/13/2017 01:44:02 pm Deployed branch:  Commit: 2d6079e


02/13/2017 04:19:45 pm Deployed branch:  Commit: e388960


02/13/2017 04:47:07 pm Deployed branch:  Commit: 7b6de96


02/13/2017 05:26:59 pm Deployed branch:  Commit: bc617ac


02/13/2017 05:41:46 pm Deployed branch:  Commit: bc617ac


02/13/2017 05:43:19 pm Deployed branch:  Commit: fe23c98


02/13/2017 06:51:22 pm Deployed branch:  Commit: e487fa9


02/13/2017 07:12:18 pm Deployed branch:  Commit: 8cb44f8


02/13/2017 07:42:15 pm Deployed branch:  Commit: e69c6ad


02/14/2017 10:41:03 am Deployed branch:  Commit: fe4433a


02/14/2017 11:27:14 am Deployed branch:  Commit: c082646


02/14/2017 11:39:02 am Deployed branch:  Commit: 68a1803


02/14/2017 12:10:44 pm Deployed branch:  Commit: 503867d


02/14/2017 12:12:51 pm Deployed branch:  Commit: 4df6f7b


02/14/2017 12:14:43 pm Deployed branch:  Commit: c47fd58


02/14/2017 01:13:05 pm Deployed branch:  Commit: 2f56f73


02/14/2017 01:43:47 pm Deployed branch:  Commit: 8c2c28d


02/14/2017 03:10:10 pm Deployed branch:  Commit: 8c2c28d


02/14/2017 03:20:06 pm Deployed branch:  Commit: abd4033


02/14/2017 03:21:20 pm Deployed branch:  Commit: 4494b74


02/14/2017 03:26:32 pm Deployed branch:  Commit: eaf0df1


02/14/2017 05:29:07 pm Deployed branch:  Commit: a4dadee


02/14/2017 05:37:24 pm Deployed branch:  Commit: 0bb68c7


02/14/2017 07:18:57 pm Deployed branch:  Commit: e55b732


02/14/2017 07:30:53 pm Deployed branch:  Commit: eac7130


02/14/2017 09:17:54 pm Deployed branch:  Commit: 101d63f


02/14/2017 09:22:09 pm Deployed branch:  Commit: 101d63f


02/14/2017 09:26:27 pm Deployed branch:  Commit: ba7c1a2


02/15/2017 02:28:56 am Deployed branch:  Commit: 0087576


02/15/2017 09:55:01 am Deployed branch:  Commit: 0087576


02/15/2017 10:20:02 am Deployed branch:  Commit: 38051dd


02/15/2017 10:34:36 am Deployed branch:  Commit: f25ffed


02/15/2017 11:37:39 am Deployed branch:  Commit: be2c0ad


02/15/2017 12:20:02 pm Deployed branch:  Commit: b217744


02/15/2017 12:29:25 pm Deployed branch:  Commit: 0c51a13


02/15/2017 06:12:31 pm Deployed branch:  Commit: 1570278


02/15/2017 06:26:05 pm Deployed branch:  Commit: bcc6948


02/15/2017 06:33:06 pm Deployed branch:  Commit: beb983e


02/15/2017 06:50:08 pm Deployed branch:  Commit: 87404b7


02/15/2017 07:08:32 pm Deployed branch:  Commit: 67524ad


02/15/2017 08:22:16 pm Deployed branch:  Commit: fd375ad


02/15/2017 08:40:11 pm Deployed branch:  Commit: d8ef582


02/15/2017 08:45:58 pm Deployed branch:  Commit: 49970eb


02/15/2017 08:47:12 pm Deployed branch:  Commit: 7e9c4b8


02/15/2017 09:45:52 pm Deployed branch:  Commit: 5fbb442


02/16/2017 11:06:29 am Deployed branch:  Commit: 5fbb442


02/16/2017 11:51:12 am Deployed branch:  Commit: 6c4ca43


02/16/2017 12:12:22 pm Deployed branch:  Commit: 6c4ca43


02/16/2017 01:09:54 pm Deployed branch:  Commit: 8760203


02/16/2017 01:37:54 pm Deployed branch:  Commit: 8760203


02/16/2017 01:39:29 pm Deployed branch:  Commit: 8760203


02/16/2017 01:41:37 pm Deployed branch:  Commit: c4631fb


02/16/2017 01:54:41 pm Deployed branch:  Commit: 39d7af9


02/16/2017 03:34:39 pm Deployed branch:  Commit: f699089


02/16/2017 06:58:21 pm Deployed branch:  Commit: f699089


02/16/2017 07:15:37 pm Deployed branch:  Commit: cd6c132


02/17/2017 12:13:52 pm Deployed branch:  Commit: 2e4aa42


02/17/2017 12:17:19 pm Deployed branch:  Commit: 2e4aa42


02/17/2017 12:40:35 pm Deployed branch:  Commit: d2eb89a


02/17/2017 01:16:41 pm Deployed branch:  Commit: ae00fbb


02/17/2017 01:18:45 pm Deployed branch:  Commit: ae00fbb


02/17/2017 03:24:29 pm Deployed branch:  Commit: b74dd8f


02/17/2017 04:37:11 pm Deployed branch:  Commit: b74dd8f


02/17/2017 04:56:57 pm Deployed branch:  Commit: 3c8081d


02/17/2017 06:34:51 pm Deployed branch:  Commit: 0f92416


02/20/2017 11:26:53 am Deployed branch:  Commit: a49b6a7


02/20/2017 11:35:09 am Deployed branch:  Commit: 6042349


02/20/2017 11:38:27 am Deployed branch:  Commit: bb4fef3


02/20/2017 12:11:05 pm Deployed branch:  Commit: d154479


02/20/2017 12:16:38 pm Deployed branch:  Commit: cd81413


02/20/2017 12:28:03 pm Deployed branch:  Commit: cd81413


02/20/2017 12:44:59 pm Deployed branch:  Commit: 0cc0ae7


02/20/2017 12:47:22 pm Deployed branch:  Commit: 0cc0ae7


02/20/2017 01:26:44 pm Deployed branch:  Commit: 0cc0ae7


02/20/2017 01:34:13 pm Deployed branch:  Commit: 62ee18e


02/20/2017 01:37:22 pm Deployed branch:  Commit: 10c7a97


02/20/2017 02:35:17 pm Deployed branch:  Commit: f3ac9d9


02/20/2017 02:40:05 pm Deployed branch:  Commit: d55ab40


02/20/2017 03:19:54 pm Deployed branch:  Commit: b43696c


02/20/2017 03:25:34 pm Deployed branch:  Commit: fa9163c


02/20/2017 03:31:38 pm Deployed branch:  Commit: 74e16aa


02/20/2017 03:38:38 pm Deployed branch:  Commit: 6a15dea


02/20/2017 03:52:44 pm Deployed branch:  Commit: f2dcbb5


02/20/2017 03:55:29 pm Deployed branch:  Commit: db0ecce


02/20/2017 04:04:22 pm Deployed branch:  Commit: c89ee24


02/20/2017 06:30:49 pm Deployed branch:  Commit: f5f119a


02/20/2017 06:45:16 pm Deployed branch:  Commit: 5c9ba71


02/21/2017 02:41:43 am Deployed branch:  Commit: cf6f3af


02/21/2017 10:56:59 am Deployed branch:  Commit: cf6f3af


02/21/2017 11:02:03 am Deployed branch:  Commit: 185fec7


02/21/2017 11:16:38 am Deployed branch:  Commit: 84376a1


02/21/2017 03:28:16 pm Deployed branch:  Commit: fc4b3a9


02/21/2017 03:31:33 pm Deployed branch:  Commit: b6fe1e9


02/21/2017 03:43:49 pm Deployed branch:  Commit: d26919e


02/21/2017 04:06:34 pm Deployed branch:  Commit: 61f4b20


02/21/2017 04:32:00 pm Deployed branch:  Commit: 63750cd


02/21/2017 04:38:25 pm Deployed branch:  Commit: 63750cd


02/21/2017 04:40:13 pm Deployed branch:  Commit: f620800


02/21/2017 04:41:42 pm Deployed branch:  Commit: 20404c0


02/21/2017 04:46:02 pm Deployed branch:  Commit: 190e5b7


02/21/2017 04:48:27 pm Deployed branch:  Commit: f9db3f5


02/21/2017 04:51:57 pm Deployed branch:  Commit: 5e01103


02/21/2017 04:54:52 pm Deployed branch:  Commit: ac1baed


02/21/2017 04:56:01 pm Deployed branch:  Commit: 6f58c49


02/21/2017 05:00:02 pm Deployed branch:  Commit: 24a17ed


02/21/2017 05:43:29 pm Deployed branch:  Commit: 5ea2ef8


02/21/2017 06:09:22 pm Deployed branch:  Commit: e4a25ac


02/21/2017 06:10:27 pm Deployed branch:  Commit: b22686d


02/21/2017 06:12:48 pm Deployed branch:  Commit: 971e2a4


02/21/2017 06:14:25 pm Deployed branch:  Commit: 0f875c7


02/21/2017 06:16:15 pm Deployed branch:  Commit: 923b8da


02/21/2017 06:17:37 pm Deployed branch:  Commit: ea24ebd


02/21/2017 06:20:37 pm Deployed branch:  Commit: 5eee606


02/21/2017 06:24:04 pm Deployed branch:  Commit: ff06be8


02/21/2017 06:25:41 pm Deployed branch:  Commit: 1b79ff3


02/21/2017 06:28:21 pm Deployed branch:  Commit: db6bc98


02/21/2017 06:29:51 pm Deployed branch:  Commit: 0de516d


02/21/2017 06:33:36 pm Deployed branch:  Commit: 1c68f9f


02/21/2017 06:34:47 pm Deployed branch:  Commit: de356f0


02/21/2017 06:37:53 pm Deployed branch:  Commit: 59e72e8


02/21/2017 06:40:56 pm Deployed branch:  Commit: 09c3011


02/21/2017 06:42:33 pm Deployed branch:  Commit: d3d467a


02/21/2017 06:45:46 pm Deployed branch:  Commit: 5d66ece


02/21/2017 06:46:43 pm Deployed branch:  Commit: f99c280


02/21/2017 06:50:28 pm Deployed branch:  Commit: a12c373


02/21/2017 06:51:48 pm Deployed branch:  Commit: d3f315a


02/21/2017 07:09:49 pm Deployed branch:  Commit: 751fc63


02/21/2017 07:21:51 pm Deployed branch:  Commit: 1ea4079


02/21/2017 07:23:09 pm Deployed branch:  Commit: e2167a8


02/21/2017 07:27:36 pm Deployed branch:  Commit: ea64e7f


02/21/2017 07:38:05 pm Deployed branch:  Commit: 9eaf7b9


02/21/2017 07:53:15 pm Deployed branch:  Commit: b1e3519


02/21/2017 08:18:43 pm Deployed branch:  Commit: 6e0c842


02/22/2017 12:08:41 pm Deployed branch:  Commit: 4740681


02/22/2017 12:22:08 pm Deployed branch:  Commit: 6cc62a0


02/22/2017 12:43:12 pm Deployed branch:  Commit: 1292f7d


02/22/2017 12:45:30 pm Deployed branch:  Commit: 04a3a2d


02/22/2017 12:50:56 pm Deployed branch:  Commit: 0d06fc5


02/22/2017 01:19:17 pm Deployed branch:  Commit: 69ea031


02/22/2017 01:22:28 pm Deployed branch:  Commit: b35baa1


02/22/2017 04:23:56 pm Deployed branch:  Commit: 298b655


02/22/2017 05:30:45 pm Deployed branch:  Commit: 550331f


02/22/2017 08:00:39 pm Deployed branch:  Commit: 91883fb


02/22/2017 09:41:44 pm Deployed branch:  Commit: bbb3d1f


02/22/2017 09:50:01 pm Deployed branch:  Commit: bbb3d1f


02/23/2017 01:35:58 pm Deployed branch:  Commit: bbd6a5d


02/23/2017 01:43:32 pm Deployed branch:  Commit: db8e349


02/23/2017 01:58:24 pm Deployed branch:  Commit: 1d7b0d7


02/23/2017 02:00:27 pm Deployed branch:  Commit: 6c2399f


02/23/2017 05:39:06 pm Deployed branch:  Commit: ea33aee


02/23/2017 07:30:19 pm Deployed branch:  Commit: 59b6427


02/23/2017 10:52:55 pm Deployed branch:  Commit: d230043


02/24/2017 01:59:19 am Deployed branch:  Commit: 12e471e


02/24/2017 10:52:33 am Deployed branch:  Commit: 12e471e


02/24/2017 12:06:45 pm Deployed branch:  Commit: c13811b


02/24/2017 04:29:09 pm Deployed branch:  Commit: 1aa79fd


02/24/2017 06:35:41 pm Deployed branch:  Commit: 340e4f4


02/24/2017 06:45:08 pm Deployed branch:  Commit: 340e4f4


02/24/2017 06:46:17 pm Deployed branch:  Commit: 340e4f4


02/24/2017 07:55:33 pm Deployed branch:  Commit: 13ee95a


02/27/2017 10:25:22 am Deployed branch:  Commit: 8175b6f


02/27/2017 10:26:16 am Deployed branch:  Commit: 3a55782


02/27/2017 10:26:51 am Deployed branch:  Commit: 3a55782


02/27/2017 10:59:29 am Deployed branch:  Commit: 3739005


02/27/2017 11:09:06 am Deployed branch:  Commit: bb8f906


02/27/2017 11:25:24 am Deployed branch:  Commit: f8a7e72


02/27/2017 12:32:20 pm Deployed branch:  Commit: 357ea03


02/27/2017 12:55:47 pm Deployed branch:  Commit: 3034d60


02/27/2017 01:22:26 pm Deployed branch:  Commit: 55562c8


02/27/2017 01:29:41 pm Deployed branch:  Commit: 9efdbf7


02/27/2017 01:31:25 pm Deployed branch:  Commit: 9efdbf7


02/27/2017 01:36:11 pm Deployed branch:  Commit: e2ffdc8


02/27/2017 01:49:27 pm Deployed branch:  Commit: 30f5119


02/27/2017 04:53:52 pm Deployed branch:  Commit: 6635470


02/27/2017 05:05:28 pm Deployed branch:  Commit: 11c506c


02/27/2017 05:44:41 pm Deployed branch:  Commit: 17ea69f


02/27/2017 05:56:30 pm Deployed branch:  Commit: 384cdce


02/27/2017 06:37:28 pm Deployed branch:  Commit: 384cdce


02/27/2017 06:42:38 pm Deployed branch:  Commit: 4d3e8aa


02/27/2017 06:55:49 pm Deployed branch:  Commit: 878da2e


02/27/2017 07:30:08 pm Deployed branch:  Commit: 878da2e


02/27/2017 07:42:28 pm Deployed branch:  Commit: cf7be97


02/27/2017 07:44:20 pm Deployed branch:  Commit: 9675157


02/27/2017 08:01:59 pm Deployed branch:  Commit: b8689d1


02/27/2017 08:08:10 pm Deployed branch:  Commit: 0b5ad6c


02/27/2017 08:30:46 pm Deployed branch:  Commit: 9415f69


02/27/2017 08:31:13 pm Deployed branch:  Commit: 9415f69


02/27/2017 08:39:33 pm Deployed branch:  Commit: a8d6c54


02/27/2017 08:43:12 pm Deployed branch:  Commit: 09d6da0


02/27/2017 08:47:30 pm Deployed branch:  Commit: ea54bca


02/28/2017 02:15:59 am Deployed branch:  Commit: f57c4fb


02/28/2017 10:50:58 am Deployed branch:  Commit: f57c4fb


02/28/2017 10:57:41 am Deployed branch:  Commit: ddd8170


02/28/2017 11:47:59 am Deployed branch:  Commit: db8cb25


02/28/2017 12:04:55 pm Deployed branch:  Commit: beecc7f


02/28/2017 12:28:40 pm Deployed branch:  Commit: 23389dc


02/28/2017 01:50:46 pm Deployed branch:  Commit: 0db8eff


02/28/2017 03:39:40 pm Deployed branch:  Commit: 6ae683b


02/28/2017 03:45:22 pm Deployed branch:  Commit: d63a895


02/28/2017 04:17:19 pm Deployed branch:  Commit: bef282f


02/28/2017 04:41:58 pm Deployed branch:  Commit: 6ba670e


02/28/2017 04:51:01 pm Deployed branch:  Commit: 359e8bd


02/28/2017 05:50:21 pm Deployed branch:  Commit: 359e8bd


02/28/2017 06:26:20 pm Deployed branch:  Commit: 359e8bd


02/28/2017 06:35:16 pm Deployed branch:  Commit: a508472


02/28/2017 06:54:42 pm Deployed branch:  Commit: a403907


02/28/2017 07:13:07 pm Deployed branch:  Commit: a403907


02/28/2017 07:22:51 pm Deployed branch:  Commit: a403907


02/28/2017 07:32:37 pm Deployed branch:  Commit: 7cb0d92


02/28/2017 08:03:36 pm Deployed branch:  Commit: b5a3c6d


02/28/2017 08:05:45 pm Deployed branch:  Commit: b5a3c6d


02/28/2017 08:18:35 pm Deployed branch:  Commit: 5d332e5


02/28/2017 08:20:08 pm Deployed branch:  Commit: 5d332e5


02/28/2017 08:27:46 pm Deployed branch:  Commit: 27833e6


03/01/2017 02:24:11 am Deployed branch:  Commit: 130284c


03/01/2017 12:31:57 pm Deployed branch:  Commit: 130284c


03/01/2017 12:50:17 pm Deployed branch:  Commit: 130284c


03/01/2017 06:57:54 pm Deployed branch:  Commit: fdf2560


03/01/2017 07:06:05 pm Deployed branch:  Commit: 2582a8c


03/01/2017 07:18:28 pm Deployed branch:  Commit: b5949e3


03/01/2017 08:19:14 pm Deployed branch:  Commit: f0c8d4c


03/02/2017 01:04:04 am Deployed branch:  Commit: f0c8d4c


03/02/2017 10:53:07 am Deployed branch:  Commit: f0c8d4c


03/02/2017 10:56:57 am Deployed branch:  Commit: 0d536cc


03/02/2017 11:39:45 am Deployed branch:  Commit: 84b2927


03/02/2017 12:35:01 pm Deployed branch:  Commit: 84b2927


03/02/2017 12:46:16 pm Deployed branch:  Commit: 84b2927


03/02/2017 01:03:51 pm Deployed branch:  Commit: 65af6c4


03/02/2017 01:11:22 pm Deployed branch:  Commit: 65af6c4


03/02/2017 01:22:37 pm Deployed branch:  Commit: a606ee8


03/02/2017 01:40:28 pm Deployed branch:  Commit: a606ee8


03/02/2017 01:42:43 pm Deployed branch:  Commit: a606ee8


03/02/2017 04:50:00 pm Deployed branch:  Commit: 2385b0e


03/02/2017 05:09:47 pm Deployed branch:  Commit: feb4295


03/02/2017 05:23:28 pm Deployed branch:  Commit: feb4295


03/02/2017 06:02:01 pm Deployed branch:  Commit: 41adf17


03/02/2017 06:20:14 pm Deployed branch:  Commit: dd5dffa


03/02/2017 06:22:41 pm Deployed branch:  Commit: e028b39


03/02/2017 07:11:34 pm Deployed branch:  Commit: 8e0bed0


03/02/2017 07:27:18 pm Deployed branch:  Commit: 512a55a


03/02/2017 07:36:25 pm Deployed branch:  Commit: 71bfc7c


03/02/2017 07:51:44 pm Deployed branch:  Commit: e4b0666


03/02/2017 07:56:27 pm Deployed branch:  Commit: c277cd3


03/03/2017 01:58:13 am Deployed branch:  Commit: c277cd3


03/03/2017 12:10:29 pm Deployed branch:  Commit: 779efdf


03/03/2017 12:48:36 pm Deployed branch:  Commit: 5aebbf1


03/03/2017 04:16:53 pm Deployed branch:  Commit: df21649


03/03/2017 04:20:04 pm Deployed branch:  Commit: aae6973


03/03/2017 04:39:57 pm Deployed branch:  Commit: bb45e97


03/03/2017 05:45:08 pm Deployed branch:  Commit: 7ebb32e


03/06/2017 02:45:45 am Deployed branch:  Commit: 9465a1b


03/06/2017 11:08:29 am Deployed branch:  Commit: 9465a1b


03/06/2017 11:29:44 am Deployed branch:  Commit: 9465a1b


03/06/2017 12:58:43 pm Deployed branch:  Commit: 621536f


03/06/2017 02:16:39 pm Deployed branch:  Commit: 9cd430b


03/06/2017 11:44:34 pm Deployed branch:  Commit: 9cd430b


03/06/2017 11:55:27 pm Deployed branch:  Commit: 9cd430b


03/07/2017 12:02:41 am Deployed branch:  Commit: 32e3e30


03/07/2017 01:11:08 pm Deployed branch:  Commit: 4ea59a1


03/07/2017 05:13:16 pm Deployed branch:  Commit: 5b5e6e2


03/07/2017 05:16:57 pm Deployed branch:  Commit: 5b5e6e2


03/07/2017 05:56:16 pm Deployed branch:  Commit: 5b5e6e2


03/07/2017 05:58:54 pm Deployed branch:  Commit: 398c7a1


03/07/2017 06:36:02 pm Deployed branch:  Commit: 47ceb3e


03/07/2017 07:26:23 pm Deployed branch:  Commit: 74af2fa


03/07/2017 07:34:15 pm Deployed branch:  Commit: 1232f6f


03/07/2017 08:08:35 pm Deployed branch:  Commit: 9730633


03/07/2017 09:28:35 pm Deployed branch:  Commit: 9730633


03/07/2017 09:36:39 pm Deployed branch:  Commit: 82d7684


03/07/2017 09:43:16 pm Deployed branch:  Commit: af649cb


03/07/2017 09:46:56 pm Deployed branch:  Commit: 051b4dd


03/07/2017 10:00:41 pm Deployed branch:  Commit: 051b4dd


03/07/2017 10:11:29 pm Deployed branch:  Commit: c8c1df4


03/07/2017 10:59:52 pm Deployed branch:  Commit: 11986bf


03/07/2017 11:02:11 pm Deployed branch:  Commit: 11986bf


03/07/2017 11:05:09 pm Deployed branch:  Commit: 0f56970


03/07/2017 11:09:51 pm Deployed branch:  Commit: b34b331


03/08/2017 01:10:49 pm Deployed branch:  Commit: a9a3fd6


03/08/2017 01:53:31 pm Deployed branch:  Commit: d85cbd2


03/08/2017 04:26:35 pm Deployed branch:  Commit: c9f694c


03/08/2017 04:41:52 pm Deployed branch:  Commit: ba94e09


03/08/2017 04:54:13 pm Deployed branch:  Commit: b9d4555


03/08/2017 05:31:43 pm Deployed branch:  Commit: 093d63d


03/08/2017 08:16:35 pm Deployed branch:  Commit: 6aed6c5


03/08/2017 08:57:42 pm Deployed branch:  Commit: 27bf4e2


03/08/2017 09:41:01 pm Deployed branch:  Commit: a2f626c


03/08/2017 10:56:20 pm Deployed branch:  Commit: d99d7ce


03/08/2017 11:05:58 pm Deployed branch:  Commit: 6ac651e


03/08/2017 11:27:18 pm Deployed branch:  Commit: 341962a


03/09/2017 12:18:01 pm Deployed branch:  Commit: 7e5fbad


03/09/2017 02:03:38 pm Deployed branch:  Commit: 1499ad0


03/09/2017 04:40:36 pm Deployed branch:  Commit: dbf1ceb


03/09/2017 04:52:10 pm Deployed branch:  Commit: aec554f


03/09/2017 05:29:46 pm Deployed branch:  Commit: 1ee5372


03/09/2017 05:59:00 pm Deployed branch:  Commit: 3cd7fc7


03/09/2017 06:00:48 pm Deployed branch:  Commit: 3cd7fc7


03/09/2017 09:31:32 pm Deployed branch:  Commit: 2d2b535


03/10/2017 12:06:05 am Deployed branch:  Commit: 2d2b535


03/10/2017 12:28:36 am Deployed branch:  Commit: 1b4ee80


03/10/2017 03:10:05 pm Deployed branch:  Commit: 274d69b


03/10/2017 03:19:15 pm Deployed branch:  Commit: 6724ba6


03/10/2017 03:24:31 pm Deployed branch:  Commit: 5ff2fa0


03/10/2017 03:29:21 pm Deployed branch:  Commit: f2d88e9


03/10/2017 03:41:11 pm Deployed branch:  Commit: 2fcbe4d


03/10/2017 04:16:08 pm Deployed branch:  Commit: 975238d


03/10/2017 05:01:05 pm Deployed branch:  Commit: a377cce


03/10/2017 05:16:48 pm Deployed branch:  Commit: d38f666


03/10/2017 05:18:16 pm Deployed branch:  Commit: 1aa822c


03/10/2017 05:59:28 pm Deployed branch:  Commit: 1aa822c


03/10/2017 06:27:13 pm Deployed branch:  Commit: f4012fd


03/10/2017 06:31:00 pm Deployed branch:  Commit: f4012fd


03/10/2017 06:48:34 pm Deployed branch:  Commit: a5ba696


03/10/2017 07:18:34 pm Deployed branch:  Commit: b977636


03/10/2017 07:21:45 pm Deployed branch:  Commit: 5bb86c6


03/10/2017 08:32:34 pm Deployed branch:  Commit: 5bb86c6


03/10/2017 09:22:40 pm Deployed branch:  Commit: 5bb86c6


03/10/2017 09:37:35 pm Deployed branch:  Commit: 4aa16c6


03/10/2017 11:40:15 pm Deployed branch:  Commit: f4e2ec2


03/10/2017 11:44:18 pm Deployed branch:  Commit: c97f9fb


03/10/2017 11:52:30 pm Deployed branch:  Commit: 97159c7


03/10/2017 11:55:22 pm Deployed branch:  Commit: 2d3b6b1


03/11/2017 03:01:58 pm Deployed branch:  Commit: 43425f9


03/11/2017 03:31:36 pm Deployed branch:  Commit: b33c24f


03/11/2017 04:00:15 pm Deployed branch:  Commit: cd43846


03/11/2017 09:36:21 pm Deployed branch:  Commit: 50cff65


03/11/2017 09:42:15 pm Deployed branch:  Commit: 9591a98


03/11/2017 09:44:35 pm Deployed branch:  Commit: 044646f


03/11/2017 10:24:42 pm Deployed branch:  Commit: 044646f


03/11/2017 10:24:57 pm Deployed branch:  Commit: 044646f


03/13/2017 03:32:31 pm Deployed branch:  Commit: 5b1e826


03/13/2017 03:43:32 pm Deployed branch:  Commit: 5b1e826


03/13/2017 04:31:30 pm Deployed branch:  Commit: 631e155


03/13/2017 04:32:52 pm Deployed branch:  Commit: 631e155


03/13/2017 05:03:30 pm Deployed branch:  Commit: 27f44a2


03/13/2017 05:16:47 pm Deployed branch:  Commit: f817bb0


03/13/2017 06:01:56 pm Deployed branch:  Commit: ea15ed5


03/13/2017 06:34:40 pm Deployed branch:  Commit: 0aa63ba


03/13/2017 06:41:27 pm Deployed branch:  Commit: 0aa63ba


03/13/2017 06:51:19 pm Deployed branch:  Commit: 0aa63ba


03/13/2017 07:07:19 pm Deployed branch:  Commit: 0aa63ba


03/13/2017 07:15:50 pm Deployed branch:  Commit: 710916c


03/13/2017 07:32:51 pm Deployed branch:  Commit: 4cfaefe


03/13/2017 07:39:41 pm Deployed branch:  Commit: 4cfaefe


03/13/2017 07:53:32 pm Deployed branch:  Commit: e2f130c


03/13/2017 07:56:17 pm Deployed branch:  Commit: e2f130c


03/13/2017 08:06:25 pm Deployed branch:  Commit: 348d15e


03/13/2017 08:21:00 pm Deployed branch:  Commit: 5419fa9


03/13/2017 08:30:23 pm Deployed branch:  Commit: 914006d


03/13/2017 09:02:48 pm Deployed branch:  Commit: 8556982


03/13/2017 09:04:50 pm Deployed branch:  Commit: 8556982


03/13/2017 09:10:26 pm Deployed branch:  Commit: f499705


03/13/2017 09:19:57 pm Deployed branch:  Commit: c542741


03/14/2017 11:35:59 am Deployed branch:  Commit: 42ca479


03/14/2017 12:28:16 pm Deployed branch:  Commit: 42ca479


03/14/2017 12:31:49 pm Deployed branch:  Commit: 42ca479


03/14/2017 06:00:25 pm Deployed branch:  Commit: cba2867


03/14/2017 06:52:37 pm Deployed branch:  Commit: cba2867


03/14/2017 09:19:02 pm Deployed branch:  Commit: de7c46f


03/15/2017 10:36:35 am Deployed branch:  Commit: de7c46f


03/15/2017 10:41:30 am Deployed branch:  Commit: b4ba046


03/15/2017 10:46:51 am Deployed branch:  Commit: b4ba046


03/15/2017 10:50:52 am Deployed branch:  Commit: 4fe5a77


03/15/2017 11:57:33 am Deployed branch:  Commit: 3367320


03/15/2017 12:55:33 pm Deployed branch:  Commit: 06d9731


03/15/2017 01:08:12 pm Deployed branch:  Commit: 448ed6f


03/15/2017 01:10:38 pm Deployed branch:  Commit: 7c230ab


03/15/2017 01:12:27 pm Deployed branch:  Commit: 9cae2b5


03/15/2017 01:15:03 pm Deployed branch:  Commit: df927fa


03/15/2017 01:20:50 pm Deployed branch:  Commit: f6fc473


03/15/2017 01:30:21 pm Deployed branch:  Commit: 12f2c63


03/15/2017 01:40:23 pm Deployed branch:  Commit: 3bd8095


03/15/2017 03:28:25 pm Deployed branch:  Commit: e010787


03/15/2017 05:17:02 pm Deployed branch:  Commit: c20ed01


03/15/2017 06:15:20 pm Deployed branch:  Commit: 0e629c5


03/15/2017 07:08:03 pm Deployed branch:  Commit: e361ede


03/15/2017 07:23:03 pm Deployed branch:  Commit: 3704b98


03/15/2017 07:41:26 pm Deployed branch:  Commit: a7d088a


03/15/2017 07:45:14 pm Deployed branch:  Commit: 142cefb


03/15/2017 08:03:58 pm Deployed branch:  Commit: e8744c5


03/15/2017 09:24:11 pm Deployed branch:  Commit: e8744c5


03/15/2017 09:30:14 pm Deployed branch:  Commit: a00b57e


03/16/2017 01:43:10 am Deployed branch:  Commit: 7a4c9c8


03/16/2017 10:21:35 am Deployed branch:  Commit: 7a4c9c8


03/16/2017 11:52:35 am Deployed branch:  Commit: 395af74


03/16/2017 12:24:42 pm Deployed branch:  Commit: 74f3c26


03/16/2017 12:26:48 pm Deployed branch:  Commit: 74f3c26


03/16/2017 12:35:44 pm Deployed branch:  Commit: efb22ee


03/16/2017 01:01:35 pm Deployed branch:  Commit: e92e45a


03/16/2017 05:36:29 pm Deployed branch:  Commit: 1c1c6e6


03/16/2017 05:43:52 pm Deployed branch:  Commit: 0370f88


03/16/2017 07:10:38 pm Deployed branch:  Commit: 2d85b03


03/16/2017 07:15:29 pm Deployed branch:  Commit: cb33835


03/16/2017 08:41:37 pm Deployed branch:  Commit: b71fc3a


03/16/2017 09:08:58 pm Deployed branch:  Commit: 37165fa


03/16/2017 10:51:52 pm Deployed branch:  Commit: 06f4729


03/17/2017 12:29:20 am Deployed branch:  Commit: 79aa8cd


03/17/2017 12:31:51 am Deployed branch:  Commit: a6dc963


03/17/2017 12:54:27 am Deployed branch:  Commit: 0e377e5


03/20/2017 11:36:20 am Deployed branch:  Commit: 597f15f


03/20/2017 12:05:57 pm Deployed branch:  Commit: c55f73e


03/20/2017 12:49:40 pm Deployed branch:  Commit: 602a7ef


03/20/2017 12:51:20 pm Deployed branch:  Commit: 602a7ef


03/20/2017 04:52:32 pm Deployed branch:  Commit: 98fba6f


03/20/2017 05:31:25 pm Deployed branch:  Commit: acfaced


03/20/2017 05:52:56 pm Deployed branch:  Commit: 0dc8568


03/20/2017 07:26:15 pm Deployed branch:  Commit: e6926ad


03/21/2017 09:56:42 am Deployed branch:  Commit: 8c2f288


03/21/2017 10:01:07 am Deployed branch:  Commit: b1eb0f1


03/21/2017 10:18:07 am Deployed branch:  Commit: b1eb0f1


03/21/2017 11:09:00 am Deployed branch:  Commit: e619e06


03/21/2017 11:31:51 am Deployed branch:  Commit: 4b7af45


03/21/2017 01:21:08 pm Deployed branch:  Commit: 660f535


03/21/2017 04:32:53 pm Deployed branch:  Commit: d9f8963


03/21/2017 04:35:44 pm Deployed branch:  Commit: d9f8963


03/21/2017 04:49:37 pm Deployed branch:  Commit: 4c67511


03/21/2017 06:39:19 pm Deployed branch:  Commit: dc5d614


03/21/2017 06:51:42 pm Deployed branch:  Commit: 365cb46


03/21/2017 08:26:52 pm Deployed branch:  Commit: 024dd81


03/21/2017 08:40:38 pm Deployed branch:  Commit: fe61270


03/21/2017 08:56:43 pm Deployed branch:  Commit: ea8ecc9


03/22/2017 02:50:13 am Deployed branch:  Commit: d8657c9


03/22/2017 03:35:56 pm Deployed branch:  Commit: e8add35


03/22/2017 03:56:44 pm Deployed branch:  Commit: 38316c2


03/22/2017 04:01:58 pm Deployed branch:  Commit: 1015dee


03/22/2017 04:02:56 pm Deployed branch:  Commit: 19e464d


03/22/2017 04:15:01 pm Deployed branch:  Commit: 140dbb5


03/22/2017 04:26:11 pm Deployed branch:  Commit: 66e3589


03/22/2017 04:30:00 pm Deployed branch:  Commit: c796bba


03/22/2017 05:37:24 pm Deployed branch:  Commit: 49595df


03/23/2017 02:17:47 am Deployed branch:  Commit: bf01ba5


03/24/2017 12:24:45 am Deployed branch:  Commit: bf01ba5


03/24/2017 12:36:16 am Deployed branch:  Commit: 0544311


03/24/2017 01:02:30 am Deployed branch:  Commit: 62cdec3


03/24/2017 02:03:50 am Deployed branch:  Commit: 025ba0b


03/24/2017 11:29:23 am Deployed branch:  Commit: 025ba0b


03/24/2017 11:52:56 am Deployed branch:  Commit: 6a39f6b


03/24/2017 12:40:07 pm Deployed branch:  Commit: 23498e0


03/24/2017 12:44:21 pm Deployed branch:  Commit: 23498e0


03/24/2017 12:46:23 pm Deployed branch:  Commit: 99de932


03/24/2017 12:47:20 pm Deployed branch:  Commit: f745e71


03/24/2017 01:16:33 pm Deployed branch:  Commit: 44bd52d


03/24/2017 01:19:40 pm Deployed branch:  Commit: 97645f6


03/24/2017 01:26:36 pm Deployed branch:  Commit: d332f5c


03/24/2017 02:54:25 pm Deployed branch:  Commit: c1dfb1c


03/24/2017 04:26:14 pm Deployed branch:  Commit: c1dfb1c


03/24/2017 04:41:03 pm Deployed branch:  Commit: 1b414ff


03/24/2017 04:53:05 pm Deployed branch:  Commit: 804e702


03/24/2017 05:42:25 pm Deployed branch:  Commit: e4d50d0


03/24/2017 05:48:20 pm Deployed branch:  Commit: 02c18e0


03/24/2017 05:51:54 pm Deployed branch:  Commit: 02c18e0


03/24/2017 05:55:06 pm Deployed branch:  Commit: 939b280


03/24/2017 05:57:14 pm Deployed branch:  Commit: 8e9b4a5


03/24/2017 05:58:29 pm Deployed branch:  Commit: e6f5deb


03/24/2017 06:04:42 pm Deployed branch:  Commit: e2918bb


03/24/2017 06:17:57 pm Deployed branch:  Commit: 1095dd6


03/24/2017 06:40:07 pm Deployed branch:  Commit: 54cdd48


03/24/2017 07:36:04 pm Deployed branch:  Commit: 197b2fa


03/24/2017 07:53:55 pm Deployed branch:  Commit: 44954fa


03/24/2017 08:11:35 pm Deployed branch:  Commit: 917c730


03/24/2017 09:10:37 pm Deployed branch:  Commit: b70a251


03/27/2017 03:38:45 am Deployed branch:  Commit: f64cb17


03/27/2017 01:36:54 pm Deployed branch:  Commit: f64cb17


03/27/2017 01:55:11 pm Deployed branch:  Commit: 686e6b0


03/27/2017 02:34:28 pm Deployed branch:  Commit: 686e6b0


03/27/2017 10:10:20 pm Deployed branch:  Commit: 686e6b0


03/28/2017 01:17:05 am Deployed branch:  Commit: 686e6b0


03/28/2017 08:57:04 am Deployed branch:  Commit: 686e6b0


03/28/2017 09:05:01 am Deployed branch:  Commit: 6377812


03/28/2017 12:56:01 pm Deployed branch:  Commit: 627212a


03/28/2017 02:24:46 pm Deployed branch:  Commit: 5826c2f


03/28/2017 03:15:09 pm Deployed branch:  Commit: 910831e


03/28/2017 06:43:32 pm Deployed branch:  Commit: 346a0c7


03/29/2017 04:05:24 pm Deployed branch:  Commit: 346a0c7


03/29/2017 04:41:22 pm Deployed branch:  Commit: 1b932ab


03/29/2017 05:54:44 pm Deployed branch:  Commit: 1b932ab


03/29/2017 05:59:18 pm Deployed branch:  Commit: a2e7c54


03/29/2017 06:15:49 pm Deployed branch:  Commit: 29fac94


03/29/2017 06:17:44 pm Deployed branch:  Commit: 9db78fb


03/30/2017 08:56:22 am Deployed branch:  Commit: 30d6732


03/30/2017 11:52:14 am Deployed branch:  Commit: 8e2a06f


03/30/2017 04:55:43 pm Deployed branch:  Commit: 5cbf64a


03/31/2017 10:14:31 am Deployed branch:  Commit: acd991b


03/31/2017 03:25:40 pm Deployed branch:  Commit: acd991b


03/31/2017 03:28:02 pm Deployed branch:  Commit: 0b35ff8


03/31/2017 03:51:43 pm Deployed branch:  Commit: 9492464


03/31/2017 05:56:49 pm Deployed branch:  Commit: c27b98b


03/31/2017 06:23:59 pm Deployed branch:  Commit: c27b98b


03/31/2017 06:28:43 pm Deployed branch:  Commit: cf3bec8


03/31/2017 06:58:15 pm Deployed branch:  Commit: 753b38c


03/31/2017 07:20:50 pm Deployed branch:  Commit: dff265e


04/03/2017 01:50:05 am Deployed branch:  Commit: 12dd358


04/03/2017 07:53:25 pm Deployed branch:  Commit: 12dd358


04/04/2017 02:00:11 am Deployed branch:  Commit: 12dd358


04/04/2017 11:39:13 am Deployed branch:  Commit: 037c366


04/04/2017 11:47:58 am Deployed branch:  Commit: 74fb481


04/04/2017 11:48:57 am Deployed branch:  Commit: 74fb481


04/04/2017 01:14:57 pm Deployed branch:  Commit: fd82841


04/04/2017 02:33:35 pm Deployed branch:  Commit: 534adf6


04/04/2017 03:08:28 pm Deployed branch:  Commit: 534adf6


04/06/2017 12:32:46 pm Deployed branch:  Commit: 534adf6


04/06/2017 03:09:07 pm Deployed branch:  Commit: 4ba8e64


04/06/2017 03:56:15 pm Deployed branch:  Commit: 1723d19


04/06/2017 07:26:26 pm Deployed branch:  Commit: f541655


04/06/2017 07:32:31 pm Deployed branch:  Commit: 2b1acea


04/06/2017 07:40:42 pm Deployed branch:  Commit: 68b843b


04/07/2017 01:04:50 pm Deployed branch:  Commit: 68b843b


04/07/2017 01:28:43 pm Deployed branch:  Commit: 68b843b


04/07/2017 03:35:20 pm Deployed branch:  Commit: 6b9ce2c


04/07/2017 06:11:14 pm Deployed branch:  Commit: 6b9ce2c


04/07/2017 06:46:13 pm Deployed branch:  Commit: 36ef311


04/10/2017 12:24:23 pm Deployed branch:  Commit: 36ef311


04/11/2017 11:03:02 am Deployed branch:  Commit: d0aa73c


04/11/2017 01:20:21 pm Deployed branch:  Commit: 2853790


04/11/2017 01:39:13 pm Deployed branch:  Commit: 1782ccb


04/11/2017 01:48:54 pm Deployed branch:  Commit: 6bdcfbc


04/11/2017 04:49:57 pm Deployed branch:  Commit: 67137a9


04/11/2017 05:37:41 pm Deployed branch:  Commit: 041fa2f


04/11/2017 06:58:07 pm Deployed branch:  Commit: c1494b2


04/11/2017 08:06:51 pm Deployed branch:  Commit: baeaebd


04/11/2017 08:29:31 pm Deployed branch:  Commit: 431f897


04/11/2017 09:00:17 pm Deployed branch:  Commit: fda93e7


04/12/2017 10:30:45 am Deployed branch:  Commit: 29407ba


04/12/2017 10:42:28 am Deployed branch:  Commit: 29407ba


04/12/2017 11:38:10 am Deployed branch:  Commit: a828d4e


04/12/2017 11:54:38 am Deployed branch:  Commit: e419992


04/12/2017 01:22:27 pm Deployed branch:  Commit: 732db8d


04/12/2017 01:34:48 pm Deployed branch:  Commit: 53637a8


04/12/2017 04:32:52 pm Deployed branch:  Commit: 53637a8


04/12/2017 04:45:53 pm Deployed branch:  Commit: b023c86


04/12/2017 04:53:41 pm Deployed branch:  Commit: b850fc1


04/12/2017 05:26:20 pm Deployed branch:  Commit: 29cb8e4


04/12/2017 05:34:32 pm Deployed branch:  Commit: 857775f


04/12/2017 05:49:26 pm Deployed branch:  Commit: 2830b93


04/12/2017 05:52:14 pm Deployed branch:  Commit: a1f6834


04/12/2017 06:01:06 pm Deployed branch:  Commit: 8ebdda8


04/12/2017 06:04:29 pm Deployed branch:  Commit: ee32983


04/12/2017 06:05:42 pm Deployed branch:  Commit: 2066772


04/12/2017 06:12:05 pm Deployed branch:  Commit: 10d309f


04/12/2017 06:22:49 pm Deployed branch:  Commit: af27753


04/12/2017 06:24:23 pm Deployed branch:  Commit: 3b7d653


04/12/2017 06:26:36 pm Deployed branch:  Commit: 6a7e202


04/12/2017 06:32:41 pm Deployed branch:  Commit: e3e31ee


04/12/2017 06:42:58 pm Deployed branch:  Commit: 070e800


04/12/2017 06:47:05 pm Deployed branch:  Commit: 3608690


04/12/2017 06:49:32 pm Deployed branch:  Commit: 9d6303f


04/12/2017 06:55:45 pm Deployed branch:  Commit: 4ea0866


04/12/2017 06:58:16 pm Deployed branch:  Commit: 3b8dc0c


04/12/2017 07:49:05 pm Deployed branch:  Commit: 3339633


04/12/2017 07:56:02 pm Deployed branch:  Commit: a6dc9fa


04/12/2017 07:58:18 pm Deployed branch:  Commit: 69ce609


04/12/2017 08:04:53 pm Deployed branch:  Commit: 69ce609


04/12/2017 08:07:22 pm Deployed branch:  Commit: d8e9804


04/12/2017 08:10:45 pm Deployed branch:  Commit: 62d0ec3


04/12/2017 08:11:55 pm Deployed branch:  Commit: 62d0ec3


04/13/2017 04:15:22 pm Deployed branch:  Commit: b3e2123


04/13/2017 05:47:18 pm Deployed branch:  Commit: b3e2123


04/13/2017 05:51:52 pm Deployed branch:  Commit: b3e2123


04/13/2017 06:46:11 pm Deployed branch:  Commit: 7245f77


04/13/2017 06:55:05 pm Deployed branch:  Commit: 7245f77


04/13/2017 07:08:48 pm Deployed branch:  Commit: a4e2aac


04/14/2017 10:21:41 am Deployed branch:  Commit: cb53058


04/14/2017 10:29:12 am Deployed branch:  Commit: 06899b2


04/14/2017 10:44:08 am Deployed branch:  Commit: ce3825f


04/14/2017 12:40:18 pm Deployed branch:  Commit: 24f2acf


04/14/2017 05:36:34 pm Deployed branch:  Commit: 24f2acf


04/14/2017 05:48:09 pm Deployed branch:  Commit: 1e90276


04/14/2017 05:58:46 pm Deployed branch:  Commit: fc610b9


04/14/2017 06:09:52 pm Deployed branch:  Commit: 50a62db


04/14/2017 06:11:18 pm Deployed branch:  Commit: 50a62db


04/14/2017 06:15:04 pm Deployed branch:  Commit: aa612a2


04/14/2017 06:17:06 pm Deployed branch:  Commit: a246dd0


04/14/2017 06:34:46 pm Deployed branch:  Commit: a6451e4


04/14/2017 06:36:18 pm Deployed branch:  Commit: a6451e4


04/14/2017 06:54:10 pm Deployed branch:  Commit: 00311f8


04/14/2017 06:56:39 pm Deployed branch:  Commit: 36bf5fd


04/17/2017 11:33:56 am Deployed branch:  Commit: f1c5049


04/17/2017 12:25:32 pm Deployed branch:  Commit: f1c5049


04/17/2017 01:44:14 pm Deployed branch:  Commit: b1ca0b8


04/17/2017 03:53:55 pm Deployed branch:  Commit: 69efceb


04/17/2017 05:00:35 pm Deployed branch:  Commit: 69efceb


04/17/2017 06:05:29 pm Deployed branch:  Commit: 3a351a9


04/18/2017 01:13:54 pm Deployed branch:  Commit: 3cfa3b8


04/18/2017 01:19:13 pm Deployed branch:  Commit: 3cfa3b8


04/18/2017 04:07:12 pm Deployed branch:  Commit: 3cfa3b8


04/18/2017 04:28:34 pm Deployed branch:  Commit: 3cfa3b8


04/18/2017 06:41:06 pm Deployed branch:  Commit: 0ffb72c


04/18/2017 06:42:39 pm Deployed branch:  Commit: 0ffb72c


04/18/2017 06:44:17 pm Deployed branch:  Commit: 0ffb72c


04/18/2017 08:55:10 pm Deployed branch:  Commit: fd30a5c


04/18/2017 08:59:45 pm Deployed branch:  Commit: fd30a5c

